[2019-06-23 20:59:58.472] [sharedprocess] [info] main {"machineId":"591f13b599dab3acd4e4d9d3f76f4f74e28a95529fa5473470fec248dd881dae"}
[2019-06-23 20:59:59.384] [sharedprocess] [info] Scanned user extensions: 2
[2019-06-23 21:00:02.378] [sharedprocess] [info] Scanned system extensions: 72
[2019-06-23 21:00:02.439] [sharedprocess] [info] Deleted from disk ms-vscode.cpptools /root/.vscode/extensions/ms-vscode.cpptools-0.23.1
[2019-06-23 21:00:08.070] [sharedprocess] [info] Scanned user extensions: 2
[2019-06-23 21:00:08.096] [sharedprocess] [info] Scanned system extensions: 72
[2019-06-23 21:00:10.422] [sharedprocess] [info] Scanned user extensions: 2
[2019-06-23 21:00:10.424] [sharedprocess] [info] Scanned user extensions: 2
[2019-06-23 21:00:10.442] [sharedprocess] [info] Scanned system extensions: 72
[2019-06-23 21:00:11.592] [sharedprocess] [info] Scanned user extensions: 2
[2019-06-23 21:00:22.934] [sharedprocess] [info] Scanned user extensions: 2
[2019-06-23 21:00:22.964] [sharedprocess] [info] Scanned system extensions: 72
[2019-06-23 21:00:23.480] [sharedprocess] [info] Scanned user extensions: 2
[2019-06-23 21:00:23.531] [sharedprocess] [info] Scanned user extensions: 2
[2019-06-23 21:00:23.547] [sharedprocess] [info] Scanned system extensions: 72
[2019-06-23 21:00:25.410] [sharedprocess] [info] Scanned user extensions: 2
[2019-06-23 21:00:38.492] [sharedprocess] [info] Starting to clean up unused language packs.
[2019-06-23 21:01:31.784] [sharedprocess] [info] Scanned user extensions: 2
[2019-06-23 21:01:31.798] [sharedprocess] [info] Scanned system extensions: 72
[2019-06-23 21:01:32.292] [sharedprocess] [info] Scanned user extensions: 2
[2019-06-23 21:01:32.338] [sharedprocess] [info] Scanned user extensions: 2
[2019-06-23 21:01:32.352] [sharedprocess] [info] Scanned system extensions: 72
[2019-06-23 21:01:34.289] [sharedprocess] [info] Scanned user extensions: 2
[2019-06-23 21:06:34.303] [sharedprocess] [info] Scanned user extensions: 2
[2019-06-23 21:11:34.316] [sharedprocess] [info] Scanned user extensions: 2
[2019-06-23 21:16:34.330] [sharedprocess] [info] Scanned user extensions: 2
[2019-06-23 21:21:34.344] [sharedprocess] [info] Scanned user extensions: 2
[2019-06-23 21:26:34.356] [sharedprocess] [info] Scanned user extensions: 2
[2019-06-23 21:31:34.371] [sharedprocess] [info] Scanned user extensions: 2
[2019-06-23 21:36:34.387] [sharedprocess] [info] Scanned user extensions: 2
[2019-06-23 21:41:34.401] [sharedprocess] [info] Scanned user extensions: 2
[2019-06-23 21:46:34.415] [sharedprocess] [info] Scanned user extensions: 2
[2019-06-23 21:51:34.434] [sharedprocess] [info] Scanned user extensions: 2
[2019-06-23 21:56:34.450] [sharedprocess] [info] Scanned user extensions: 2
[2019-06-23 22:01:34.660] [sharedprocess] [info] Scanned user extensions: 2
[2019-06-23 22:06:34.675] [sharedprocess] [info] Scanned user extensions: 2
[2019-06-23 22:11:34.693] [sharedprocess] [info] Scanned user extensions: 2
[2019-06-23 22:16:34.707] [sharedprocess] [info] Scanned user extensions: 2
[2019-06-23 22:21:34.722] [sharedprocess] [info] Scanned user extensions: 2
[2019-06-23 22:26:34.739] [sharedprocess] [info] Scanned user extensions: 2
[2019-06-23 22:31:34.753] [sharedprocess] [info] Scanned user extensions: 2
[2019-06-23 22:36:34.767] [sharedprocess] [info] Scanned user extensions: 2
[2019-06-23 22:41:34.781] [sharedprocess] [info] Scanned user extensions: 2
[2019-06-23 22:46:34.794] [sharedprocess] [info] Scanned user extensions: 2
[2019-06-23 22:51:34.813] [sharedprocess] [info] Scanned user extensions: 2
[2019-06-23 22:56:34.827] [sharedprocess] [info] Scanned user extensions: 2
[2019-06-23 23:01:35.106] [sharedprocess] [info] Scanned user extensions: 2
[2019-06-23 23:06:35.122] [sharedprocess] [info] Scanned user extensions: 2
[2019-06-23 23:11:35.136] [sharedprocess] [info] Scanned user extensions: 2
[2019-06-23 23:16:35.150] [sharedprocess] [info] Scanned user extensions: 2
[2019-06-23 23:21:35.165] [sharedprocess] [info] Scanned user extensions: 2
[2019-06-23 23:26:35.179] [sharedprocess] [info] Scanned user extensions: 2
[2019-06-23 23:31:35.192] [sharedprocess] [info] Scanned user extensions: 2
[2019-06-23 23:36:35.208] [sharedprocess] [info] Scanned user extensions: 2
[2019-06-23 23:41:35.221] [sharedprocess] [info] Scanned user extensions: 2
[2019-06-23 23:46:35.235] [sharedprocess] [info] Scanned user extensions: 2
[2019-06-23 23:51:35.245] [sharedprocess] [info] Scanned user extensions: 2
[2019-06-23 23:56:35.256] [sharedprocess] [info] Scanned user extensions: 2
[2019-06-24 00:01:35.420] [sharedprocess] [info] Scanned user extensions: 2
[2019-06-24 00:06:35.435] [sharedprocess] [info] Scanned user extensions: 2
[2019-06-24 00:11:35.447] [sharedprocess] [info] Scanned user extensions: 2
[2019-06-24 00:16:35.458] [sharedprocess] [info] Scanned user extensions: 2
[2019-06-24 00:21:35.470] [sharedprocess] [info] Scanned user extensions: 2
[2019-06-24 00:26:35.485] [sharedprocess] [info] Scanned user extensions: 2
[2019-06-24 00:31:35.500] [sharedprocess] [info] Scanned user extensions: 2
[2019-06-24 00:36:35.514] [sharedprocess] [info] Scanned user extensions: 2
[2019-06-24 00:41:35.527] [sharedprocess] [info] Scanned user extensions: 2
[2019-06-24 00:46:35.539] [sharedprocess] [info] Scanned user extensions: 2
