[2019-06-25 12:04:06.361] [exthost] [info] extension host started
[2019-06-25 12:04:06.383] [exthost] [info] ExtensionService#_doActivateExtension ms-vscode.cpptools {"startup":false,"activationEvent":"onLanguage:cpp"}
[2019-06-25 12:04:06.383] [exthost] [info] ExtensionService#loadCommonJSModule /root/.vscode/extensions/ms-vscode.cpptools-0.24.0-insiders/dist/main
[2019-06-25 12:04:07.518] [exthost] [info] ExtensionService#_doActivateExtension vscode.debug-auto-launch {"startup":true,"activationEvent":"*"}
[2019-06-25 12:04:07.518] [exthost] [info] ExtensionService#loadCommonJSModule /usr/share/code/resources/app/extensions/debug-auto-launch/dist/extension
[2019-06-25 12:04:07.693] [exthost] [info] ExtensionService#_doActivateExtension vscode.emmet {"startup":true,"activationEvent":"*"}
[2019-06-25 12:04:07.693] [exthost] [info] ExtensionService#loadCommonJSModule /usr/share/code/resources/app/extensions/emmet/dist/extension
[2019-06-25 12:04:07.887] [exthost] [info] ExtensionService#_doActivateExtension vscode.git {"startup":true,"activationEvent":"*"}
[2019-06-25 12:04:07.887] [exthost] [info] ExtensionService#loadCommonJSModule /usr/share/code/resources/app/extensions/git/dist/main
[2019-06-25 12:04:08.168] [exthost] [info] ExtensionService#_doActivateExtension vscode.merge-conflict {"startup":true,"activationEvent":"*"}
[2019-06-25 12:04:08.168] [exthost] [info] ExtensionService#loadCommonJSModule /usr/share/code/resources/app/extensions/merge-conflict/dist/extension
[2019-06-25 12:04:08.514] [exthost] [info] eager extensions activated
[2019-06-25 12:04:08.626] [exthost] [info] ExtensionService#_doActivateExtension platformio.platformio-ide {"startup":true,"activationEvent":"*"}
[2019-06-25 12:04:08.626] [exthost] [info] ExtensionService#loadCommonJSModule /root/.vscode/extensions/platformio.platformio-ide-1.7.1/dist/extension
[2019-06-25 12:04:11.621] [exthost] [info] ExtensionService#_doActivateExtension vsciot-vscode.vscode-arduino {"startup":true,"activationEvent":"*"}
[2019-06-25 12:04:11.621] [exthost] [info] ExtensionService#loadCommonJSModule /root/.vscode/extensions/vsciot-vscode.vscode-arduino-0.2.26/out/src/extension
[2019-06-25 12:04:17.370] [exthost] [info] ExtensionService#_doActivateExtension vscode.configuration-editing {"startup":false,"activationEvent":"onLanguage:json"}
[2019-06-25 12:04:17.370] [exthost] [info] ExtensionService#loadCommonJSModule /usr/share/code/resources/app/extensions/configuration-editing/dist/extension
[2019-06-25 12:04:17.457] [exthost] [info] ExtensionService#_doActivateExtension vscode.extension-editing {"startup":false,"activationEvent":"onLanguage:json"}
[2019-06-25 12:04:17.457] [exthost] [info] ExtensionService#loadCommonJSModule /usr/share/code/resources/app/extensions/extension-editing/dist/extension
[2019-06-25 12:04:17.823] [exthost] [info] ExtensionService#_doActivateExtension vscode.json-language-features {"startup":false,"activationEvent":"onLanguage:json"}
[2019-06-25 12:04:17.823] [exthost] [info] ExtensionService#loadCommonJSModule /usr/share/code/resources/app/extensions/json-language-features/client/dist/jsonMain
[2019-06-25 12:04:18.175] [exthost] [info] ExtensionService#_doActivateExtension vscode.npm {"startup":false,"activationEvent":"onLanguage:json"}
[2019-06-25 12:04:18.175] [exthost] [info] ExtensionService#loadCommonJSModule /usr/share/code/resources/app/extensions/npm/dist/main
